<?xml version="1.0" encoding="UTF-8"?>
<testsuites name="jest tests" tests="40" failures="0" errors="0" time="6.692">
  <testsuite name="jiraMaxLengthIssue, check jira issue maxLength (default=9)" errors="0" failures="0" skipped="0" timestamp="2022-11-22T10:43:27" time="5.135" tests="8">
    <testcase classname="jiraMaxLengthIssue, check jira issue maxLength (default=9) should reject the commit message The issue length is greater than value (default=9)" name="jiraMaxLengthIssue, check jira issue maxLength (default=9) should reject the commit message The issue length is greater than value (default=9)" time="0.004">
    </testcase>
    <testcase classname="jiraMaxLengthIssue, check jira issue maxLength (default=9) should reject the commit message At least one issue length is greater than value (default=9)" name="jiraMaxLengthIssue, check jira issue maxLength (default=9) should reject the commit message At least one issue length is greater than value (default=9)" time="0.001">
    </testcase>
    <testcase classname="jiraMaxLengthIssue, check jira issue maxLength (default=9) should reject the commit message with variable maxLength value The issue length is greater than value = 5" name="jiraMaxLengthIssue, check jira issue maxLength (default=9) should reject the commit message with variable maxLength value The issue length is greater than value = 5" time="0">
    </testcase>
    <testcase classname="jiraMaxLengthIssue, check jira issue maxLength (default=9) should reject the commit message with variable maxLength value At least one issue length is greater than value = 5" name="jiraMaxLengthIssue, check jira issue maxLength (default=9) should reject the commit message with variable maxLength value At least one issue length is greater than value = 5" time="0.001">
    </testcase>
    <testcase classname="jiraMaxLengthIssue, check jira issue maxLength (default=9) should valid the commit message Issue length is not greater than value (default=9)" name="jiraMaxLengthIssue, check jira issue maxLength (default=9) should valid the commit message Issue length is not greater than value (default=9)" time="0.001">
    </testcase>
    <testcase classname="jiraMaxLengthIssue, check jira issue maxLength (default=9) should valid the commit message All issues length are not greater than value (default=9)" name="jiraMaxLengthIssue, check jira issue maxLength (default=9) should valid the commit message All issues length are not greater than value (default=9)" time="0">
    </testcase>
    <testcase classname="jiraMaxLengthIssue, check jira issue maxLength (default=9) should valid the commit message with variable maxLength value Issue length is not greater than value = 5" name="jiraMaxLengthIssue, check jira issue maxLength (default=9) should valid the commit message with variable maxLength value Issue length is not greater than value = 5" time="0.001">
    </testcase>
    <testcase classname="jiraMaxLengthIssue, check jira issue maxLength (default=9) should valid the commit message with variable maxLength value All issues length are not greater than value = 5" name="jiraMaxLengthIssue, check jira issue maxLength (default=9) should valid the commit message with variable maxLength value All issues length are not greater than value = 5" time="0">
    </testcase>
  </testsuite>
  <testsuite name="commitTypeEmpty, check if commit message contain valid type from angular convention" errors="0" failures="0" skipped="0" timestamp="2022-11-22T10:43:27" time="5.13" tests="5">
    <testcase classname="commitTypeEmpty, check if commit message contain valid type from angular convention should reject the commit message The commit do not contain any type" name="commitTypeEmpty, check if commit message contain valid type from angular convention should reject the commit message The commit do not contain any type" time="0.003">
    </testcase>
    <testcase classname="commitTypeEmpty, check if commit message contain valid type from angular convention should reject the commit message The commit do not contain a valid type" name="commitTypeEmpty, check if commit message contain valid type from angular convention should reject the commit message The commit do not contain a valid type" time="0">
    </testcase>
    <testcase classname="commitTypeEmpty, check if commit message contain valid type from angular convention should valid the commit message The commit contain a valid type" name="commitTypeEmpty, check if commit message contain valid type from angular convention should valid the commit message The commit contain a valid type" time="0.001">
    </testcase>
    <testcase classname="commitTypeEmpty, check if commit message contain valid type from angular convention should valid the commit message The commit contain a valid type" name="commitTypeEmpty, check if commit message contain valid type from angular convention should valid the commit message The commit contain a valid type" time="0">
    </testcase>
    <testcase classname="commitTypeEmpty, check if commit message contain valid type from angular convention should valid the commit message The commits are using all valid type" name="commitTypeEmpty, check if commit message contain valid type from angular convention should valid the commit message The commits are using all valid type" time="0.002">
    </testcase>
  </testsuite>
  <testsuite name="commitHeaderFooterSeparator, check if commit message use a valid separator" errors="0" failures="0" skipped="0" timestamp="2022-11-22T10:43:27" time="5.139" tests="4">
    <testcase classname="commitHeaderFooterSeparator, check if commit message use a valid separator should reject the commit message The commit do not valid separator (default=:)" name="commitHeaderFooterSeparator, check if commit message use a valid separator should reject the commit message The commit do not valid separator (default=:)" time="0.003">
    </testcase>
    <testcase classname="commitHeaderFooterSeparator, check if commit message use a valid separator should reject the commit message The commit do not valid separator value=," name="commitHeaderFooterSeparator, check if commit message use a valid separator should reject the commit message The commit do not valid separator value=," time="0.001">
    </testcase>
    <testcase classname="commitHeaderFooterSeparator, check if commit message use a valid separator should valid the commit message The commit contain a valid separator" name="commitHeaderFooterSeparator, check if commit message use a valid separator should valid the commit message The commit contain a valid separator" time="0.001">
    </testcase>
    <testcase classname="commitHeaderFooterSeparator, check if commit message use a valid separator should valid the commit message The commit contain a valid separator value=," name="commitHeaderFooterSeparator, check if commit message use a valid separator should valid the commit message The commit contain a valid separator value=," time="0.001">
    </testcase>
  </testsuite>
  <testsuite name="footerEmpty, check if commit message contain footer" errors="0" failures="0" skipped="0" timestamp="2022-11-22T10:43:27" time="5.15" tests="4">
    <testcase classname="footerEmpty, check if commit message contain footer should reject the commit message The commit do not contain footer but a separator" name="footerEmpty, check if commit message contain footer should reject the commit message The commit do not contain footer but a separator" time="0.004">
    </testcase>
    <testcase classname="footerEmpty, check if commit message contain footer should reject the commit message The commit do not contain footer" name="footerEmpty, check if commit message contain footer should reject the commit message The commit do not contain footer" time="0.001">
    </testcase>
    <testcase classname="footerEmpty, check if commit message contain footer should valid the commit message The commit contain a footer" name="footerEmpty, check if commit message contain footer should valid the commit message The commit contain a footer" time="0.001">
    </testcase>
    <testcase classname="footerEmpty, check if commit message contain footer should valid the commit message The commit contain at least a footer" name="footerEmpty, check if commit message contain footer should valid the commit message The commit contain at least a footer" time="0">
    </testcase>
  </testsuite>
  <testsuite name="jiraMinLengthIssue, check jira issue minLength (default=3)" errors="0" failures="0" skipped="0" timestamp="2022-11-22T10:43:27" time="5.248" tests="8">
    <testcase classname="jiraMinLengthIssue, check jira issue minLength (default=3) should reject the commit message The issue length is shorter than value (default=3)" name="jiraMinLengthIssue, check jira issue minLength (default=3) should reject the commit message The issue length is shorter than value (default=3)" time="0.002">
    </testcase>
    <testcase classname="jiraMinLengthIssue, check jira issue minLength (default=3) should reject the commit message At least one issue length is shorter than value (default=3)" name="jiraMinLengthIssue, check jira issue minLength (default=3) should reject the commit message At least one issue length is shorter than value (default=3)" time="0">
    </testcase>
    <testcase classname="jiraMinLengthIssue, check jira issue minLength (default=3) should reject the commit message with variable maxLength value The issue length is shorter than value = 5" name="jiraMinLengthIssue, check jira issue minLength (default=3) should reject the commit message with variable maxLength value The issue length is shorter than value = 5" time="0.001">
    </testcase>
    <testcase classname="jiraMinLengthIssue, check jira issue minLength (default=3) should reject the commit message with variable maxLength value At least one issue length is shorter than value = 5" name="jiraMinLengthIssue, check jira issue minLength (default=3) should reject the commit message with variable maxLength value At least one issue length is shorter than value = 5" time="0">
    </testcase>
    <testcase classname="jiraMinLengthIssue, check jira issue minLength (default=3) should valid the commit message Issue length is not shorter than value (default=3)" name="jiraMinLengthIssue, check jira issue minLength (default=3) should valid the commit message Issue length is not shorter than value (default=3)" time="0.001">
    </testcase>
    <testcase classname="jiraMinLengthIssue, check jira issue minLength (default=3) should valid the commit message All issues length are not shorter than value (default=3)" name="jiraMinLengthIssue, check jira issue minLength (default=3) should valid the commit message All issues length are not shorter than value (default=3)" time="0">
    </testcase>
    <testcase classname="jiraMinLengthIssue, check jira issue minLength (default=3) should valid the commit message with variable maxLength value Issue length is not shorter than value = 5" name="jiraMinLengthIssue, check jira issue minLength (default=3) should valid the commit message with variable maxLength value Issue length is not shorter than value = 5" time="0">
    </testcase>
    <testcase classname="jiraMinLengthIssue, check jira issue minLength (default=3) should valid the commit message with variable maxLength value All issues length are not shorter than value = 5" name="jiraMinLengthIssue, check jira issue minLength (default=3) should valid the commit message with variable maxLength value All issues length are not shorter than value = 5" time="0">
    </testcase>
  </testsuite>
  <testsuite name="jiraEmptyIssue, check if jira issue is empty or not" errors="0" failures="0" skipped="0" timestamp="2022-11-22T10:43:27" time="5.248" tests="4">
    <testcase classname="jiraEmptyIssue, check if jira issue is empty or not should reject the commit message The commit do not contain jira issue" name="jiraEmptyIssue, check if jira issue is empty or not should reject the commit message The commit do not contain jira issue" time="0.002">
    </testcase>
    <testcase classname="jiraEmptyIssue, check if jira issue is empty or not should reject the commit message The commit do not contain jira issue but separator" name="jiraEmptyIssue, check if jira issue is empty or not should reject the commit message The commit do not contain jira issue but separator" time="0.001">
    </testcase>
    <testcase classname="jiraEmptyIssue, check if jira issue is empty or not should valid the commit message The commit contain a jira issue" name="jiraEmptyIssue, check if jira issue is empty or not should valid the commit message The commit contain a jira issue" time="0">
    </testcase>
    <testcase classname="jiraEmptyIssue, check if jira issue is empty or not should valid the commit message The commit contain at least one jira issue" name="jiraEmptyIssue, check if jira issue is empty or not should valid the commit message The commit contain at least one jira issue" time="0.001">
    </testcase>
  </testsuite>
  <testsuite name="jiraValidIssue, check if commit message use a valid separator" errors="0" failures="0" skipped="0" timestamp="2022-11-22T10:43:27" time="5.819" tests="7">
    <testcase classname="jiraValidIssue, check if commit message use a valid separator should reject the commit message The commit do not valid separator (default=:)" name="jiraValidIssue, check if commit message use a valid separator should reject the commit message The commit do not valid separator (default=:)" time="0.002">
    </testcase>
    <testcase classname="jiraValidIssue, check if commit message use a valid separator should reject the commit message The commit do not valid separator value=," name="jiraValidIssue, check if commit message use a valid separator should reject the commit message The commit do not valid separator value=," time="0">
    </testcase>
    <testcase classname="jiraValidIssue, check if commit message use a valid separator should reject the commit message The commit do not valid separator value=," name="jiraValidIssue, check if commit message use a valid separator should reject the commit message The commit do not valid separator value=," time="0">
    </testcase>
    <testcase classname="jiraValidIssue, check if commit message use a valid separator should reject the commit message The commit do not valid separator value=," name="jiraValidIssue, check if commit message use a valid separator should reject the commit message The commit do not valid separator value=," time="0">
    </testcase>
    <testcase classname="jiraValidIssue, check if commit message use a valid separator should valid the commit message The commit contain a valid separator" name="jiraValidIssue, check if commit message use a valid separator should valid the commit message The commit contain a valid separator" time="0.001">
    </testcase>
    <testcase classname="jiraValidIssue, check if commit message use a valid separator should valid the commit message The commit contain a valid separator" name="jiraValidIssue, check if commit message use a valid separator should valid the commit message The commit contain a valid separator" time="0">
    </testcase>
    <testcase classname="jiraValidIssue, check if commit message use a valid separator should valid the commit message The commit contain a valid separator value=," name="jiraValidIssue, check if commit message use a valid separator should valid the commit message The commit contain a valid separator value=," time="0">
    </testcase>
  </testsuite>
</testsuites>